<?xml version="1.0" encoding="UTF-8"?>
<testsuite xmlns:xsi="http://www.w3.org/2001/XMLSchema-instance" xsi:noNamespaceSchemaLocation="https://maven.apache.org/surefire/maven-surefire-plugin/xsd/surefire-test-report-3.0.xsd" version="3.0" name="TestSuite" time="134.891" tests="9" errors="0" skipped="0" failures="0">
  <properties>
[...]
</properties>
  <testcase name="runScenario[&quot;Retrieving a list of Products&quot;, &quot;Get Products API&quot;](1)" classname="runner.TestRunner" time="9.288">
    <system-out><![CDATA[[{"id":1,"code":"PRDABC123DEFX","name":"Paracetamol","brand":"Cipla","description":"An antipyretic medicine used for fever.","unitPrice":18.0,"quantity":36,"active":true,"purchases":14,"views":0,"file":null},{"id":2,"code":"PRDDEF123GHIX","name":"Combiflame","brand":"Cipla","description":"An antipyretic medicine used for fever.","unitPrice":22.0,"quantity":36,"active":true,"purchases":14,"views":0,"file":null},{"id":3,"code":"PRDDEF123DEFX","name":"Diclofenac","brand":"Intas","description":"An pain killer medicine.","unitPrice":30.0,"quantity":20,"active":true,"purchases":0,"views":0,"file":null},{"id":4,"code":"PRDPQR123WGTX","name":"Aceclofenac","brand":"Cipla","description":"A muscle relaxant medicine.","unitPrice":42.0,"quantity":80,"active":true,"purchases":0,"views":0,"file":null},{"id":5,"code":"PRDMNO123PQRX","name":"Amoxicillin","brand":"Sun Pharma","description":"A commonly used antibiotic for bacterial infection.","unitPrice":54.0,"quantity":65,"active":true,"purchases":0,"views":0,"file":null},{"id":6,"code":"PRDABCXYZDEFX","name":"Ciprofloxacin","brand":"Sun Pharma","description":"A commonly used antibiotic for bacterial infection.","unitPrice":48.0,"quantity":45,"active":true,"purchases":0,"views":0,"file":null},{"id":7,"code":"PRDFA44AC7EC6","name":"Marshall","brand":"Bilazap","description":"Used ofr Skin related pronblems","unitPrice":129.0,"quantity":50,"active":true,"purchases":0,"views":0,"file":null},{"id":8,"code":"PRD60C646928A","name":"Marshall","brand":"Bilazap","description":"Used ofr Skin related pronblems","unitPrice":129.0,"quantity":50,"active":true,"purchases":0,"views":0,"file":null},{"id":9,"code":"PRDD48F867013","name":"Marshall","brand":"Bilazap","description":"Used ofr Skin related pronblems","unitPrice":129.0,"quantity":50,"active":true,"purchases":0,"views":0,"file":null},{"id":10,"code":"PRD5ECD1F81A0","name":"Marshall","brand":"Bilazap","description":"Used ofr Skin related pronblems","unitPrice":129.0,"quantity":50,"active":true,"purchases":0,"views":0,"file":null},{"id":11,"code":"PRDA76C444E88","name":"Marshall","brand":"Bilazap","description":"Used ofr Skin related pronblems","unitPrice":129.0,"quantity":50,"active":true,"purchases":0,"views":0,"file":null},{"id":12,"code":"PRD839ABB5C74","name":"Marshall","brand":"Bilazap","description":"Used ofr Skin related pronblems","unitPrice":129.0,"quantity":50,"active":true,"purchases":0,"views":0,"file":null},{"id":13,"code":"PRDC4704D2FB3","name":"Marshall","brand":"Bilazap","description":"Used ofr Skin related pronblems","unitPrice":129.0,"quantity":50,"active":true,"purchases":0,"views":0,"file":null},{"id":14,"code":"PRD82FECFBC0C","name":"Marshall","brand":"Bilazap","description":"Used ofr Skin related pronblems","unitPrice":129.0,"quantity":50,"active":true,"purchases":0,"views":0,"file":null},{"id":15,"code":"PRDF71F352589","name":"Marshall","brand":"Bilazap","description":"Used ofr Skin related pronblems","unitPrice":129.0,"quantity":50,"active":true,"purchases":0,"views":0,"file":null},{"id":16,"code":"PRD7C3BE8AE45","name":"Marshall","brand":"Bilazap","description":"Used ofr Skin related pronblems","unitPrice":129.0,"quantity":50,"active":true,"purchases":0,"views":0,"file":null},{"id":17,"code":"PRDAD40E90AAB","name":"Marshall","brand":"Bilazap","description":"Used ofr Skin related pronblems","unitPrice":129.0,"quantity":50,"active":true,"purchases":0,"views":0,"file":null},{"id":18,"code":"PRD24C7655B42","name":"Marshall","brand":"Bilazap","description":"Used ofr Skin related pronblems","unitPrice":129.0,"quantity":50,"active":true,"purchases":0,"views":0,"file":null},{"id":19,"code":"PRD2071471F3A","name":"Marshall","brand":"Bilazap","description":"Used ofr Skin related pronblems","unitPrice":129.0,"quantity":50,"active":true,"purchases":0,"views":0,"file":null},{"id":20,"code":"PRD2C348DFBDF","name":"Marshall","brand":"Bilazap","description":"Used ofr Skin related pronblems","unitPrice":129.0,"quantity":50,"active":true,"purchases":0,"views":0,"file":null}]
[{"id":1,"code":"PRDABC123DEFX","name":"Paracetamol","brand":"Cipla","description":"An antipyretic medicine used for fever.","unitPrice":18.0,"quantity":36,"active":true,"purchases":14,"views":0,"file":null},{"id":2,"code":"PRDDEF123GHIX","name":"Combiflame","brand":"Cipla","description":"An antipyretic medicine used for fever.","unitPrice":22.0,"quantity":36,"active":true,"purchases":14,"views":0,"file":null},{"id":3,"code":"PRDDEF123DEFX","name":"Diclofenac","brand":"Intas","description":"An pain killer medicine.","unitPrice":30.0,"quantity":20,"active":true,"purchases":0,"views":0,"file":null},{"id":4,"code":"PRDPQR123WGTX","name":"Aceclofenac","brand":"Cipla","description":"A muscle relaxant medicine.","unitPrice":42.0,"quantity":80,"active":true,"purchases":0,"views":0,"file":null},{"id":5,"code":"PRDMNO123PQRX","name":"Amoxicillin","brand":"Sun Pharma","description":"A commonly used antibiotic for bacterial infection.","unitPrice":54.0,"quantity":65,"active":true,"purchases":0,"views":0,"file":null},{"id":6,"code":"PRDABCXYZDEFX","name":"Ciprofloxacin","brand":"Sun Pharma","description":"A commonly used antibiotic for bacterial infection.","unitPrice":48.0,"quantity":45,"active":true,"purchases":0,"views":0,"file":null},{"id":7,"code":"PRDFA44AC7EC6","name":"Marshall","brand":"Bilazap","description":"Used ofr Skin related pronblems","unitPrice":129.0,"quantity":50,"active":true,"purchases":0,"views":0,"file":null},{"id":8,"code":"PRD60C646928A","name":"Marshall","brand":"Bilazap","description":"Used ofr Skin related pronblems","unitPrice":129.0,"quantity":50,"active":true,"purchases":0,"views":0,"file":null},{"id":9,"code":"PRDD48F867013","name":"Marshall","brand":"Bilazap","description":"Used ofr Skin related pronblems","unitPrice":129.0,"quantity":50,"active":true,"purchases":0,"views":0,"file":null},{"id":10,"code":"PRD5ECD1F81A0","name":"Marshall","brand":"Bilazap","description":"Used ofr Skin related pronblems","unitPrice":129.0,"quantity":50,"active":true,"purchases":0,"views":0,"file":null},{"id":11,"code":"PRDA76C444E88","name":"Marshall","brand":"Bilazap","description":"Used ofr Skin related pronblems","unitPrice":129.0,"quantity":50,"active":true,"purchases":0,"views":0,"file":null},{"id":12,"code":"PRD839ABB5C74","name":"Marshall","brand":"Bilazap","description":"Used ofr Skin related pronblems","unitPrice":129.0,"quantity":50,"active":true,"purchases":0,"views":0,"file":null},{"id":13,"code":"PRDC4704D2FB3","name":"Marshall","brand":"Bilazap","description":"Used ofr Skin related pronblems","unitPrice":129.0,"quantity":50,"active":true,"purchases":0,"views":0,"file":null},{"id":14,"code":"PRD82FECFBC0C","name":"Marshall","brand":"Bilazap","description":"Used ofr Skin related pronblems","unitPrice":129.0,"quantity":50,"active":true,"purchases":0,"views":0,"file":null},{"id":15,"code":"PRDF71F352589","name":"Marshall","brand":"Bilazap","description":"Used ofr Skin related pronblems","unitPrice":129.0,"quantity":50,"active":true,"purchases":0,"views":0,"file":null},{"id":16,"code":"PRD7C3BE8AE45","name":"Marshall","brand":"Bilazap","description":"Used ofr Skin related pronblems","unitPrice":129.0,"quantity":50,"active":true,"purchases":0,"views":0,"file":null},{"id":17,"code":"PRDAD40E90AAB","name":"Marshall","brand":"Bilazap","description":"Used ofr Skin related pronblems","unitPrice":129.0,"quantity":50,"active":true,"purchases":0,"views":0,"file":null},{"id":18,"code":"PRD24C7655B42","name":"Marshall","brand":"Bilazap","description":"Used ofr Skin related pronblems","unitPrice":129.0,"quantity":50,"active":true,"purchases":0,"views":0,"file":null},{"id":19,"code":"PRD2071471F3A","name":"Marshall","brand":"Bilazap","description":"Used ofr Skin related pronblems","unitPrice":129.0,"quantity":50,"active":true,"purchases":0,"views":0,"file":null},{"id":20,"code":"PRD2C348DFBDF","name":"Marshall","brand":"Bilazap","description":"Used ofr Skin related pronblems","unitPrice":129.0,"quantity":50,"active":true,"purchases":0,"views":0,"file":null}]
[{"id":1,"code":"PRDABC123DEFX","name":"Paracetamol","brand":"Cipla","description":"An antipyretic medicine used for fever.","unitPrice":18.0,"quantity":36,"active":true,"purchases":14,"views":0,"file":null},{"id":2,"code":"PRDDEF123GHIX","name":"Combiflame","brand":"Cipla","description":"An antipyretic medicine used for fever.","unitPrice":22.0,"quantity":36,"active":true,"purchases":14,"views":0,"file":null},{"id":3,"code":"PRDDEF123DEFX","name":"Diclofenac","brand":"Intas","description":"An pain killer medicine.","unitPrice":30.0,"quantity":20,"active":true,"purchases":0,"views":0,"file":null},{"id":4,"code":"PRDPQR123WGTX","name":"Aceclofenac","brand":"Cipla","description":"A muscle relaxant medicine.","unitPrice":42.0,"quantity":80,"active":true,"purchases":0,"views":0,"file":null},{"id":5,"code":"PRDMNO123PQRX","name":"Amoxicillin","brand":"Sun Pharma","description":"A commonly used antibiotic for bacterial infection.","unitPrice":54.0,"quantity":65,"active":true,"purchases":0,"views":0,"file":null},{"id":6,"code":"PRDABCXYZDEFX","name":"Ciprofloxacin","brand":"Sun Pharma","description":"A commonly used antibiotic for bacterial infection.","unitPrice":48.0,"quantity":45,"active":true,"purchases":0,"views":0,"file":null},{"id":7,"code":"PRDFA44AC7EC6","name":"Marshall","brand":"Bilazap","description":"Used ofr Skin related pronblems","unitPrice":129.0,"quantity":50,"active":true,"purchases":0,"views":0,"file":null},{"id":8,"code":"PRD60C646928A","name":"Marshall","brand":"Bilazap","description":"Used ofr Skin related pronblems","unitPrice":129.0,"quantity":50,"active":true,"purchases":0,"views":0,"file":null},{"id":9,"code":"PRDD48F867013","name":"Marshall","brand":"Bilazap","description":"Used ofr Skin related pronblems","unitPrice":129.0,"quantity":50,"active":true,"purchases":0,"views":0,"file":null},{"id":10,"code":"PRD5ECD1F81A0","name":"Marshall","brand":"Bilazap","description":"Used ofr Skin related pronblems","unitPrice":129.0,"quantity":50,"active":true,"purchases":0,"views":0,"file":null},{"id":11,"code":"PRDA76C444E88","name":"Marshall","brand":"Bilazap","description":"Used ofr Skin related pronblems","unitPrice":129.0,"quantity":50,"active":true,"purchases":0,"views":0,"file":null},{"id":12,"code":"PRD839ABB5C74","name":"Marshall","brand":"Bilazap","description":"Used ofr Skin related pronblems","unitPrice":129.0,"quantity":50,"active":true,"purchases":0,"views":0,"file":null},{"id":13,"code":"PRDC4704D2FB3","name":"Marshall","brand":"Bilazap","description":"Used ofr Skin related pronblems","unitPrice":129.0,"quantity":50,"active":true,"purchases":0,"views":0,"file":null},{"id":14,"code":"PRD82FECFBC0C","name":"Marshall","brand":"Bilazap","description":"Used ofr Skin related pronblems","unitPrice":129.0,"quantity":50,"active":true,"purchases":0,"views":0,"file":null},{"id":15,"code":"PRDF71F352589","name":"Marshall","brand":"Bilazap","description":"Used ofr Skin related pronblems","unitPrice":129.0,"quantity":50,"active":true,"purchases":0,"views":0,"file":null},{"id":16,"code":"PRD7C3BE8AE45","name":"Marshall","brand":"Bilazap","description":"Used ofr Skin related pronblems","unitPrice":129.0,"quantity":50,"active":true,"purchases":0,"views":0,"file":null},{"id":17,"code":"PRDAD40E90AAB","name":"Marshall","brand":"Bilazap","description":"Used ofr Skin related pronblems","unitPrice":129.0,"quantity":50,"active":true,"purchases":0,"views":0,"file":null},{"id":18,"code":"PRD24C7655B42","name":"Marshall","brand":"Bilazap","description":"Used ofr Skin related pronblems","unitPrice":129.0,"quantity":50,"active":true,"purchases":0,"views":0,"file":null},{"id":19,"code":"PRD2071471F3A","name":"Marshall","brand":"Bilazap","description":"Used ofr Skin related pronblems","unitPrice":129.0,"quantity":50,"active":true,"purchases":0,"views":0,"file":null},{"id":20,"code":"PRD2C348DFBDF","name":"Marshall","brand":"Bilazap","description":"Used ofr Skin related pronblems","unitPrice":129.0,"quantity":50,"active":true,"purchases":0,"views":0,"file":null}]
2B4CDFA64A6102F6B2933B3237EEE868
[{"id":1,"code":"PRDABC123DEFX","name":"Paracetamol","brand":"Cipla","description":"An antipyretic medicine used for fever.","unitPrice":18.0,"quantity":36,"active":true,"purchases":14,"views":0,"file":null},{"id":2,"code":"PRDDEF123GHIX","name":"Combiflame","brand":"Cipla","description":"An antipyretic medicine used for fever.","unitPrice":22.0,"quantity":36,"active":true,"purchases":14,"views":0,"file":null},{"id":3,"code":"PRDDEF123DEFX","name":"Diclofenac","brand":"Intas","description":"An pain killer medicine.","unitPrice":30.0,"quantity":20,"active":true,"purchases":0,"views":0,"file":null},{"id":4,"code":"PRDPQR123WGTX","name":"Aceclofenac","brand":"Cipla","description":"A muscle relaxant medicine.","unitPrice":42.0,"quantity":80,"active":true,"purchases":0,"views":0,"file":null},{"id":5,"code":"PRDMNO123PQRX","name":"Amoxicillin","brand":"Sun Pharma","description":"A commonly used antibiotic for bacterial infection.","unitPrice":54.0,"quantity":65,"active":true,"purchases":0,"views":0,"file":null},{"id":6,"code":"PRDABCXYZDEFX","name":"Ciprofloxacin","brand":"Sun Pharma","description":"A commonly used antibiotic for bacterial infection.","unitPrice":48.0,"quantity":45,"active":true,"purchases":0,"views":0,"file":null},{"id":7,"code":"PRDFA44AC7EC6","name":"Marshall","brand":"Bilazap","description":"Used ofr Skin related pronblems","unitPrice":129.0,"quantity":50,"active":true,"purchases":0,"views":0,"file":null},{"id":8,"code":"PRD60C646928A","name":"Marshall","brand":"Bilazap","description":"Used ofr Skin related pronblems","unitPrice":129.0,"quantity":50,"active":true,"purchases":0,"views":0,"file":null},{"id":9,"code":"PRDD48F867013","name":"Marshall","brand":"Bilazap","description":"Used ofr Skin related pronblems","unitPrice":129.0,"quantity":50,"active":true,"purchases":0,"views":0,"file":null},{"id":10,"code":"PRD5ECD1F81A0","name":"Marshall","brand":"Bilazap","description":"Used ofr Skin related pronblems","unitPrice":129.0,"quantity":50,"active":true,"purchases":0,"views":0,"file":null},{"id":11,"code":"PRDA76C444E88","name":"Marshall","brand":"Bilazap","description":"Used ofr Skin related pronblems","unitPrice":129.0,"quantity":50,"active":true,"purchases":0,"views":0,"file":null},{"id":12,"code":"PRD839ABB5C74","name":"Marshall","brand":"Bilazap","description":"Used ofr Skin related pronblems","unitPrice":129.0,"quantity":50,"active":true,"purchases":0,"views":0,"file":null},{"id":13,"code":"PRDC4704D2FB3","name":"Marshall","brand":"Bilazap","description":"Used ofr Skin related pronblems","unitPrice":129.0,"quantity":50,"active":true,"purchases":0,"views":0,"file":null},{"id":14,"code":"PRD82FECFBC0C","name":"Marshall","brand":"Bilazap","description":"Used ofr Skin related pronblems","unitPrice":129.0,"quantity":50,"active":true,"purchases":0,"views":0,"file":null},{"id":15,"code":"PRDF71F352589","name":"Marshall","brand":"Bilazap","description":"Used ofr Skin related pronblems","unitPrice":129.0,"quantity":50,"active":true,"purchases":0,"views":0,"file":null},{"id":16,"code":"PRD7C3BE8AE45","name":"Marshall","brand":"Bilazap","description":"Used ofr Skin related pronblems","unitPrice":129.0,"quantity":50,"active":true,"purchases":0,"views":0,"file":null},{"id":17,"code":"PRDAD40E90AAB","name":"Marshall","brand":"Bilazap","description":"Used ofr Skin related pronblems","unitPrice":129.0,"quantity":50,"active":true,"purchases":0,"views":0,"file":null},{"id":18,"code":"PRD24C7655B42","name":"Marshall","brand":"Bilazap","description":"Used ofr Skin related pronblems","unitPrice":129.0,"quantity":50,"active":true,"purchases":0,"views":0,"file":null},{"id":19,"code":"PRD2071471F3A","name":"Marshall","brand":"Bilazap","description":"Used ofr Skin related pronblems","unitPrice":129.0,"quantity":50,"active":true,"purchases":0,"views":0,"file":null},{"id":20,"code":"PRD2C348DFBDF","name":"Marshall","brand":"Bilazap","description":"Used ofr Skin related pronblems","unitPrice":129.0,"quantity":50,"active":true,"purchases":0,"views":0,"file":null}]
[{"id":1,"code":"PRDABC123DEFX","name":"Paracetamol","brand":"Cipla","description":"An antipyretic medicine used for fever.","unitPrice":18.0,"quantity":36,"active":true,"purchases":14,"views":0,"file":null},{"id":2,"code":"PRDDEF123GHIX","name":"Combiflame","brand":"Cipla","description":"An antipyretic medicine used for fever.","unitPrice":22.0,"quantity":36,"active":true,"purchases":14,"views":0,"file":null},{"id":3,"code":"PRDDEF123DEFX","name":"Diclofenac","brand":"Intas","description":"An pain killer medicine.","unitPrice":30.0,"quantity":20,"active":true,"purchases":0,"views":0,"file":null},{"id":4,"code":"PRDPQR123WGTX","name":"Aceclofenac","brand":"Cipla","description":"A muscle relaxant medicine.","unitPrice":42.0,"quantity":80,"active":true,"purchases":0,"views":0,"file":null},{"id":5,"code":"PRDMNO123PQRX","name":"Amoxicillin","brand":"Sun Pharma","description":"A commonly used antibiotic for bacterial infection.","unitPrice":54.0,"quantity":65,"active":true,"purchases":0,"views":0,"file":null},{"id":6,"code":"PRDABCXYZDEFX","name":"Ciprofloxacin","brand":"Sun Pharma","description":"A commonly used antibiotic for bacterial infection.","unitPrice":48.0,"quantity":45,"active":true,"purchases":0,"views":0,"file":null},{"id":7,"code":"PRDFA44AC7EC6","name":"Marshall","brand":"Bilazap","description":"Used ofr Skin related pronblems","unitPrice":129.0,"quantity":50,"active":true,"purchases":0,"views":0,"file":null},{"id":8,"code":"PRD60C646928A","name":"Marshall","brand":"Bilazap","description":"Used ofr Skin related pronblems","unitPrice":129.0,"quantity":50,"active":true,"purchases":0,"views":0,"file":null},{"id":9,"code":"PRDD48F867013","name":"Marshall","brand":"Bilazap","description":"Used ofr Skin related pronblems","unitPrice":129.0,"quantity":50,"active":true,"purchases":0,"views":0,"file":null},{"id":10,"code":"PRD5ECD1F81A0","name":"Marshall","brand":"Bilazap","description":"Used ofr Skin related pronblems","unitPrice":129.0,"quantity":50,"active":true,"purchases":0,"views":0,"file":null},{"id":11,"code":"PRDA76C444E88","name":"Marshall","brand":"Bilazap","description":"Used ofr Skin related pronblems","unitPrice":129.0,"quantity":50,"active":true,"purchases":0,"views":0,"file":null},{"id":12,"code":"PRD839ABB5C74","name":"Marshall","brand":"Bilazap","description":"Used ofr Skin related pronblems","unitPrice":129.0,"quantity":50,"active":true,"purchases":0,"views":0,"file":null},{"id":13,"code":"PRDC4704D2FB3","name":"Marshall","brand":"Bilazap","description":"Used ofr Skin related pronblems","unitPrice":129.0,"quantity":50,"active":true,"purchases":0,"views":0,"file":null},{"id":14,"code":"PRD82FECFBC0C","name":"Marshall","brand":"Bilazap","description":"Used ofr Skin related pronblems","unitPrice":129.0,"quantity":50,"active":true,"purchases":0,"views":0,"file":null},{"id":15,"code":"PRDF71F352589","name":"Marshall","brand":"Bilazap","description":"Used ofr Skin related pronblems","unitPrice":129.0,"quantity":50,"active":true,"purchases":0,"views":0,"file":null},{"id":16,"code":"PRD7C3BE8AE45","name":"Marshall","brand":"Bilazap","description":"Used ofr Skin related pronblems","unitPrice":129.0,"quantity":50,"active":true,"purchases":0,"views":0,"file":null},{"id":17,"code":"PRDAD40E90AAB","name":"Marshall","brand":"Bilazap","description":"Used ofr Skin related pronblems","unitPrice":129.0,"quantity":50,"active":true,"purchases":0,"views":0,"file":null},{"id":18,"code":"PRD24C7655B42","name":"Marshall","brand":"Bilazap","description":"Used ofr Skin related pronblems","unitPrice":129.0,"quantity":50,"active":true,"purchases":0,"views":0,"file":null},{"id":19,"code":"PRD2071471F3A","name":"Marshall","brand":"Bilazap","description":"Used ofr Skin related pronblems","unitPrice":129.0,"quantity":50,"active":true,"purchases":0,"views":0,"file":null},{"id":20,"code":"PRD2C348DFBDF","name":"Marshall","brand":"Bilazap","description":"Used ofr Skin related pronblems","unitPrice":129.0,"quantity":50,"active":true,"purchases":0,"views":0,"file":null}]
20
API Products :[Paracetamol, Combiflame, Diclofenac, Aceclofenac, Amoxicillin, Ciprofloxacin, Marshall, Marshall, Marshall, Marshall, Marshall, Marshall, Marshall, Marshall, Marshall, Marshall, Marshall, Marshall, Marshall, Marshall]
UI Products :[]
[]The size of product in api :[Paracetamol, Combiflame, Diclofenac, Aceclofenac, Amoxicillin, Ciprofloxacin, Marshall, Marshall, Marshall, Marshall, Marshall, Marshall, Marshall, Marshall, Marshall, Marshall, Marshall, Marshall, Marshall, Marshall]
]]></system-out>
    <system-err><![CDATA[805 [main] INFO io.github.bonigarcia.wdm.WebDriverManager - Using chromedriver 111.0.5563.64 (resolved driver for Chrome 111)
911 [main] INFO io.github.bonigarcia.wdm.WebDriverManager - Exporting webdriver.chrome.driver as C:\Users\sowji\.cache\selenium\chromedriver\win32\111.0.5563.64\chromedriver.exe
Starting ChromeDriver 111.0.5563.64 (c710e93d5b63b7095afe8c2c17df34408078439d-refs/branch-heads/5563@{#995}) on port 28510
Only local connections are allowed.
Please see https://chromedriver.chromium.org/security-considerations for suggestions on keeping ChromeDriver safe.
ChromeDriver was started successfully.
Mar 19, 2023 4:53:15 PM org.openqa.selenium.devtools.CdpVersionFinder findNearestMatch
WARNING: Unable to find CDP implementation matching 111
Mar 19, 2023 4:53:15 PM org.openqa.selenium.chromium.ChromiumDriver lambda$new$3
WARNING: Unable to find version of CDP to use for . You may need to include a dependency on a specific version of the CDP using something similar to `org.seleniumhq.selenium:selenium-devtools-v86:4.8.1` where the version ("v86") matches the version of the chromium-based browser you're using and the version number of the artifact is the same as Selenium's.
]]></system-err>
  </testcase>
  <testcase name="runScenario[&quot;Delete a single category Products&quot;, &quot;Get Products API&quot;](2)" classname="runner.TestRunner" time="1.461">
    <system-out><![CDATA[[{"id":1,"code":"PRDABC123DEFX","name":"Paracetamol","brand":"Cipla","description":"An antipyretic medicine used for fever.","unitPrice":18.0,"quantity":36,"active":true,"purchases":14,"views":0,"file":null},{"id":2,"code":"PRDDEF123GHIX","name":"Combiflame","brand":"Cipla","description":"An antipyretic medicine used for fever.","unitPrice":22.0,"quantity":36,"active":true,"purchases":14,"views":0,"file":null},{"id":7,"code":"PRDFA44AC7EC6","name":"Marshall","brand":"Bilazap","description":"Used ofr Skin related pronblems","unitPrice":129.0,"quantity":50,"active":true,"purchases":0,"views":0,"file":null},{"id":8,"code":"PRD60C646928A","name":"Marshall","brand":"Bilazap","description":"Used ofr Skin related pronblems","unitPrice":129.0,"quantity":50,"active":true,"purchases":0,"views":0,"file":null},{"id":9,"code":"PRDD48F867013","name":"Marshall","brand":"Bilazap","description":"Used ofr Skin related pronblems","unitPrice":129.0,"quantity":50,"active":true,"purchases":0,"views":0,"file":null},{"id":10,"code":"PRD5ECD1F81A0","name":"Marshall","brand":"Bilazap","description":"Used ofr Skin related pronblems","unitPrice":129.0,"quantity":50,"active":true,"purchases":0,"views":0,"file":null},{"id":11,"code":"PRDA76C444E88","name":"Marshall","brand":"Bilazap","description":"Used ofr Skin related pronblems","unitPrice":129.0,"quantity":50,"active":true,"purchases":0,"views":0,"file":null},{"id":12,"code":"PRD839ABB5C74","name":"Marshall","brand":"Bilazap","description":"Used ofr Skin related pronblems","unitPrice":129.0,"quantity":50,"active":true,"purchases":0,"views":0,"file":null},{"id":13,"code":"PRDC4704D2FB3","name":"Marshall","brand":"Bilazap","description":"Used ofr Skin related pronblems","unitPrice":129.0,"quantity":50,"active":true,"purchases":0,"views":0,"file":null},{"id":14,"code":"PRD82FECFBC0C","name":"Marshall","brand":"Bilazap","description":"Used ofr Skin related pronblems","unitPrice":129.0,"quantity":50,"active":true,"purchases":0,"views":0,"file":null},{"id":15,"code":"PRDF71F352589","name":"Marshall","brand":"Bilazap","description":"Used ofr Skin related pronblems","unitPrice":129.0,"quantity":50,"active":true,"purchases":0,"views":0,"file":null},{"id":16,"code":"PRD7C3BE8AE45","name":"Marshall","brand":"Bilazap","description":"Used ofr Skin related pronblems","unitPrice":129.0,"quantity":50,"active":true,"purchases":0,"views":0,"file":null},{"id":17,"code":"PRDAD40E90AAB","name":"Marshall","brand":"Bilazap","description":"Used ofr Skin related pronblems","unitPrice":129.0,"quantity":50,"active":true,"purchases":0,"views":0,"file":null},{"id":18,"code":"PRD24C7655B42","name":"Marshall","brand":"Bilazap","description":"Used ofr Skin related pronblems","unitPrice":129.0,"quantity":50,"active":true,"purchases":0,"views":0,"file":null},{"id":19,"code":"PRD2071471F3A","name":"Marshall","brand":"Bilazap","description":"Used ofr Skin related pronblems","unitPrice":129.0,"quantity":50,"active":true,"purchases":0,"views":0,"file":null},{"id":20,"code":"PRD2C348DFBDF","name":"Marshall","brand":"Bilazap","description":"Used ofr Skin related pronblems","unitPrice":129.0,"quantity":50,"active":true,"purchases":0,"views":0,"file":null}]
[{"id":1,"code":"PRDABC123DEFX","name":"Paracetamol","brand":"Cipla","description":"An antipyretic medicine used for fever.","unitPrice":18.0,"quantity":36,"active":true,"purchases":14,"views":0,"file":null},{"id":2,"code":"PRDDEF123GHIX","name":"Combiflame","brand":"Cipla","description":"An antipyretic medicine used for fever.","unitPrice":22.0,"quantity":36,"active":true,"purchases":14,"views":0,"file":null},{"id":7,"code":"PRDFA44AC7EC6","name":"Marshall","brand":"Bilazap","description":"Used ofr Skin related pronblems","unitPrice":129.0,"quantity":50,"active":true,"purchases":0,"views":0,"file":null},{"id":8,"code":"PRD60C646928A","name":"Marshall","brand":"Bilazap","description":"Used ofr Skin related pronblems","unitPrice":129.0,"quantity":50,"active":true,"purchases":0,"views":0,"file":null},{"id":9,"code":"PRDD48F867013","name":"Marshall","brand":"Bilazap","description":"Used ofr Skin related pronblems","unitPrice":129.0,"quantity":50,"active":true,"purchases":0,"views":0,"file":null},{"id":10,"code":"PRD5ECD1F81A0","name":"Marshall","brand":"Bilazap","description":"Used ofr Skin related pronblems","unitPrice":129.0,"quantity":50,"active":true,"purchases":0,"views":0,"file":null},{"id":11,"code":"PRDA76C444E88","name":"Marshall","brand":"Bilazap","description":"Used ofr Skin related pronblems","unitPrice":129.0,"quantity":50,"active":true,"purchases":0,"views":0,"file":null},{"id":12,"code":"PRD839ABB5C74","name":"Marshall","brand":"Bilazap","description":"Used ofr Skin related pronblems","unitPrice":129.0,"quantity":50,"active":true,"purchases":0,"views":0,"file":null},{"id":13,"code":"PRDC4704D2FB3","name":"Marshall","brand":"Bilazap","description":"Used ofr Skin related pronblems","unitPrice":129.0,"quantity":50,"active":true,"purchases":0,"views":0,"file":null},{"id":14,"code":"PRD82FECFBC0C","name":"Marshall","brand":"Bilazap","description":"Used ofr Skin related pronblems","unitPrice":129.0,"quantity":50,"active":true,"purchases":0,"views":0,"file":null},{"id":15,"code":"PRDF71F352589","name":"Marshall","brand":"Bilazap","description":"Used ofr Skin related pronblems","unitPrice":129.0,"quantity":50,"active":true,"purchases":0,"views":0,"file":null},{"id":16,"code":"PRD7C3BE8AE45","name":"Marshall","brand":"Bilazap","description":"Used ofr Skin related pronblems","unitPrice":129.0,"quantity":50,"active":true,"purchases":0,"views":0,"file":null},{"id":17,"code":"PRDAD40E90AAB","name":"Marshall","brand":"Bilazap","description":"Used ofr Skin related pronblems","unitPrice":129.0,"quantity":50,"active":true,"purchases":0,"views":0,"file":null},{"id":18,"code":"PRD24C7655B42","name":"Marshall","brand":"Bilazap","description":"Used ofr Skin related pronblems","unitPrice":129.0,"quantity":50,"active":true,"purchases":0,"views":0,"file":null},{"id":19,"code":"PRD2071471F3A","name":"Marshall","brand":"Bilazap","description":"Used ofr Skin related pronblems","unitPrice":129.0,"quantity":50,"active":true,"purchases":0,"views":0,"file":null},{"id":20,"code":"PRD2C348DFBDF","name":"Marshall","brand":"Bilazap","description":"Used ofr Skin related pronblems","unitPrice":129.0,"quantity":50,"active":true,"purchases":0,"views":0,"file":null}]
[{"id":1,"code":"PRDABC123DEFX","name":"Paracetamol","brand":"Cipla","description":"An antipyretic medicine used for fever.","unitPrice":18.0,"quantity":36,"active":true,"purchases":14,"views":0,"file":null},{"id":2,"code":"PRDDEF123GHIX","name":"Combiflame","brand":"Cipla","description":"An antipyretic medicine used for fever.","unitPrice":22.0,"quantity":36,"active":true,"purchases":14,"views":0,"file":null},{"id":7,"code":"PRDFA44AC7EC6","name":"Marshall","brand":"Bilazap","description":"Used ofr Skin related pronblems","unitPrice":129.0,"quantity":50,"active":true,"purchases":0,"views":0,"file":null},{"id":8,"code":"PRD60C646928A","name":"Marshall","brand":"Bilazap","description":"Used ofr Skin related pronblems","unitPrice":129.0,"quantity":50,"active":true,"purchases":0,"views":0,"file":null},{"id":9,"code":"PRDD48F867013","name":"Marshall","brand":"Bilazap","description":"Used ofr Skin related pronblems","unitPrice":129.0,"quantity":50,"active":true,"purchases":0,"views":0,"file":null},{"id":10,"code":"PRD5ECD1F81A0","name":"Marshall","brand":"Bilazap","description":"Used ofr Skin related pronblems","unitPrice":129.0,"quantity":50,"active":true,"purchases":0,"views":0,"file":null},{"id":11,"code":"PRDA76C444E88","name":"Marshall","brand":"Bilazap","description":"Used ofr Skin related pronblems","unitPrice":129.0,"quantity":50,"active":true,"purchases":0,"views":0,"file":null},{"id":12,"code":"PRD839ABB5C74","name":"Marshall","brand":"Bilazap","description":"Used ofr Skin related pronblems","unitPrice":129.0,"quantity":50,"active":true,"purchases":0,"views":0,"file":null},{"id":13,"code":"PRDC4704D2FB3","name":"Marshall","brand":"Bilazap","description":"Used ofr Skin related pronblems","unitPrice":129.0,"quantity":50,"active":true,"purchases":0,"views":0,"file":null},{"id":14,"code":"PRD82FECFBC0C","name":"Marshall","brand":"Bilazap","description":"Used ofr Skin related pronblems","unitPrice":129.0,"quantity":50,"active":true,"purchases":0,"views":0,"file":null},{"id":15,"code":"PRDF71F352589","name":"Marshall","brand":"Bilazap","description":"Used ofr Skin related pronblems","unitPrice":129.0,"quantity":50,"active":true,"purchases":0,"views":0,"file":null},{"id":16,"code":"PRD7C3BE8AE45","name":"Marshall","brand":"Bilazap","description":"Used ofr Skin related pronblems","unitPrice":129.0,"quantity":50,"active":true,"purchases":0,"views":0,"file":null},{"id":17,"code":"PRDAD40E90AAB","name":"Marshall","brand":"Bilazap","description":"Used ofr Skin related pronblems","unitPrice":129.0,"quantity":50,"active":true,"purchases":0,"views":0,"file":null},{"id":18,"code":"PRD24C7655B42","name":"Marshall","brand":"Bilazap","description":"Used ofr Skin related pronblems","unitPrice":129.0,"quantity":50,"active":true,"purchases":0,"views":0,"file":null},{"id":19,"code":"PRD2071471F3A","name":"Marshall","brand":"Bilazap","description":"Used ofr Skin related pronblems","unitPrice":129.0,"quantity":50,"active":true,"purchases":0,"views":0,"file":null},{"id":20,"code":"PRD2C348DFBDF","name":"Marshall","brand":"Bilazap","description":"Used ofr Skin related pronblems","unitPrice":129.0,"quantity":50,"active":true,"purchases":0,"views":0,"file":null}]
FEB70D5A2FC1C93D81B275252EE03C2F
[{"id":1,"code":"PRDABC123DEFX","name":"Paracetamol","brand":"Cipla","description":"An antipyretic medicine used for fever.","unitPrice":18.0,"quantity":36,"active":true,"purchases":14,"views":0,"file":null},{"id":2,"code":"PRDDEF123GHIX","name":"Combiflame","brand":"Cipla","description":"An antipyretic medicine used for fever.","unitPrice":22.0,"quantity":36,"active":true,"purchases":14,"views":0,"file":null},{"id":7,"code":"PRDFA44AC7EC6","name":"Marshall","brand":"Bilazap","description":"Used ofr Skin related pronblems","unitPrice":129.0,"quantity":50,"active":true,"purchases":0,"views":0,"file":null},{"id":8,"code":"PRD60C646928A","name":"Marshall","brand":"Bilazap","description":"Used ofr Skin related pronblems","unitPrice":129.0,"quantity":50,"active":true,"purchases":0,"views":0,"file":null},{"id":9,"code":"PRDD48F867013","name":"Marshall","brand":"Bilazap","description":"Used ofr Skin related pronblems","unitPrice":129.0,"quantity":50,"active":true,"purchases":0,"views":0,"file":null},{"id":10,"code":"PRD5ECD1F81A0","name":"Marshall","brand":"Bilazap","description":"Used ofr Skin related pronblems","unitPrice":129.0,"quantity":50,"active":true,"purchases":0,"views":0,"file":null},{"id":11,"code":"PRDA76C444E88","name":"Marshall","brand":"Bilazap","description":"Used ofr Skin related pronblems","unitPrice":129.0,"quantity":50,"active":true,"purchases":0,"views":0,"file":null},{"id":12,"code":"PRD839ABB5C74","name":"Marshall","brand":"Bilazap","description":"Used ofr Skin related pronblems","unitPrice":129.0,"quantity":50,"active":true,"purchases":0,"views":0,"file":null},{"id":13,"code":"PRDC4704D2FB3","name":"Marshall","brand":"Bilazap","description":"Used ofr Skin related pronblems","unitPrice":129.0,"quantity":50,"active":true,"purchases":0,"views":0,"file":null},{"id":14,"code":"PRD82FECFBC0C","name":"Marshall","brand":"Bilazap","description":"Used ofr Skin related pronblems","unitPrice":129.0,"quantity":50,"active":true,"purchases":0,"views":0,"file":null},{"id":15,"code":"PRDF71F352589","name":"Marshall","brand":"Bilazap","description":"Used ofr Skin related pronblems","unitPrice":129.0,"quantity":50,"active":true,"purchases":0,"views":0,"file":null},{"id":16,"code":"PRD7C3BE8AE45","name":"Marshall","brand":"Bilazap","description":"Used ofr Skin related pronblems","unitPrice":129.0,"quantity":50,"active":true,"purchases":0,"views":0,"file":null},{"id":17,"code":"PRDAD40E90AAB","name":"Marshall","brand":"Bilazap","description":"Used ofr Skin related pronblems","unitPrice":129.0,"quantity":50,"active":true,"purchases":0,"views":0,"file":null},{"id":18,"code":"PRD24C7655B42","name":"Marshall","brand":"Bilazap","description":"Used ofr Skin related pronblems","unitPrice":129.0,"quantity":50,"active":true,"purchases":0,"views":0,"file":null},{"id":19,"code":"PRD2071471F3A","name":"Marshall","brand":"Bilazap","description":"Used ofr Skin related pronblems","unitPrice":129.0,"quantity":50,"active":true,"purchases":0,"views":0,"file":null},{"id":20,"code":"PRD2C348DFBDF","name":"Marshall","brand":"Bilazap","description":"Used ofr Skin related pronblems","unitPrice":129.0,"quantity":50,"active":true,"purchases":0,"views":0,"file":null}]
[{"id":1,"code":"PRDABC123DEFX","name":"Paracetamol","brand":"Cipla","description":"An antipyretic medicine used for fever.","unitPrice":18.0,"quantity":36,"active":true,"purchases":14,"views":0,"file":null},{"id":2,"code":"PRDDEF123GHIX","name":"Combiflame","brand":"Cipla","description":"An antipyretic medicine used for fever.","unitPrice":22.0,"quantity":36,"active":true,"purchases":14,"views":0,"file":null},{"id":7,"code":"PRDFA44AC7EC6","name":"Marshall","brand":"Bilazap","description":"Used ofr Skin related pronblems","unitPrice":129.0,"quantity":50,"active":true,"purchases":0,"views":0,"file":null},{"id":8,"code":"PRD60C646928A","name":"Marshall","brand":"Bilazap","description":"Used ofr Skin related pronblems","unitPrice":129.0,"quantity":50,"active":true,"purchases":0,"views":0,"file":null},{"id":9,"code":"PRDD48F867013","name":"Marshall","brand":"Bilazap","description":"Used ofr Skin related pronblems","unitPrice":129.0,"quantity":50,"active":true,"purchases":0,"views":0,"file":null},{"id":10,"code":"PRD5ECD1F81A0","name":"Marshall","brand":"Bilazap","description":"Used ofr Skin related pronblems","unitPrice":129.0,"quantity":50,"active":true,"purchases":0,"views":0,"file":null},{"id":11,"code":"PRDA76C444E88","name":"Marshall","brand":"Bilazap","description":"Used ofr Skin related pronblems","unitPrice":129.0,"quantity":50,"active":true,"purchases":0,"views":0,"file":null},{"id":12,"code":"PRD839ABB5C74","name":"Marshall","brand":"Bilazap","description":"Used ofr Skin related pronblems","unitPrice":129.0,"quantity":50,"active":true,"purchases":0,"views":0,"file":null},{"id":13,"code":"PRDC4704D2FB3","name":"Marshall","brand":"Bilazap","description":"Used ofr Skin related pronblems","unitPrice":129.0,"quantity":50,"active":true,"purchases":0,"views":0,"file":null},{"id":14,"code":"PRD82FECFBC0C","name":"Marshall","brand":"Bilazap","description":"Used ofr Skin related pronblems","unitPrice":129.0,"quantity":50,"active":true,"purchases":0,"views":0,"file":null},{"id":15,"code":"PRDF71F352589","name":"Marshall","brand":"Bilazap","description":"Used ofr Skin related pronblems","unitPrice":129.0,"quantity":50,"active":true,"purchases":0,"views":0,"file":null},{"id":16,"code":"PRD7C3BE8AE45","name":"Marshall","brand":"Bilazap","description":"Used ofr Skin related pronblems","unitPrice":129.0,"quantity":50,"active":true,"purchases":0,"views":0,"file":null},{"id":17,"code":"PRDAD40E90AAB","name":"Marshall","brand":"Bilazap","description":"Used ofr Skin related pronblems","unitPrice":129.0,"quantity":50,"active":true,"purchases":0,"views":0,"file":null},{"id":18,"code":"PRD24C7655B42","name":"Marshall","brand":"Bilazap","description":"Used ofr Skin related pronblems","unitPrice":129.0,"quantity":50,"active":true,"purchases":0,"views":0,"file":null},{"id":19,"code":"PRD2071471F3A","name":"Marshall","brand":"Bilazap","description":"Used ofr Skin related pronblems","unitPrice":129.0,"quantity":50,"active":true,"purchases":0,"views":0,"file":null},{"id":20,"code":"PRD2C348DFBDF","name":"Marshall","brand":"Bilazap","description":"Used ofr Skin related pronblems","unitPrice":129.0,"quantity":50,"active":true,"purchases":0,"views":0,"file":null}]
16
API CatProducts :[Paracetamol, Combiflame, Marshall, Marshall, Marshall, Marshall, Marshall, Marshall, Marshall, Marshall, Marshall, Marshall, Marshall, Marshall, Marshall, Marshall]The size of Api cat products : 16
UI Products :[]The size of Api cat products : 0
[]The size of product in api :[Paracetamol, Combiflame, Marshall, Marshall, Marshall, Marshall, Marshall, Marshall, Marshall, Marshall, Marshall, Marshall, Marshall, Marshall, Marshall, Marshall]
]]></system-out>
    <system-err><![CDATA[9121 [main] INFO io.github.bonigarcia.wdm.WebDriverManager - Using chromedriver 111.0.5563.64 (resolved driver for Chrome 111)
9148 [main] INFO io.github.bonigarcia.wdm.WebDriverManager - Exporting webdriver.chrome.driver as C:\Users\sowji\.cache\selenium\chromedriver\win32\111.0.5563.64\chromedriver.exe
Starting ChromeDriver 111.0.5563.64 (c710e93d5b63b7095afe8c2c17df34408078439d-refs/branch-heads/5563@{#995}) on port 7075
Only local connections are allowed.
Please see https://chromedriver.chromium.org/security-considerations for suggestions on keeping ChromeDriver safe.
ChromeDriver was started successfully.
Mar 19, 2023 4:53:21 PM org.openqa.selenium.devtools.CdpVersionFinder findNearestMatch
WARNING: Unable to find CDP implementation matching 111
Mar 19, 2023 4:53:21 PM org.openqa.selenium.chromium.ChromiumDriver lambda$new$3
WARNING: Unable to find version of CDP to use for . You may need to include a dependency on a specific version of the CDP using something similar to `org.seleniumhq.selenium:selenium-devtools-v86:4.8.1` where the version ("v86") matches the version of the chromium-based browser you're using and the version number of the artifact is the same as Selenium's.
]]></system-err>
  </testcase>
  <testcase name="runScenario[&quot;Inserting a new Category&quot;, &quot;Inserting data into the database&quot;](3)" classname="runner.TestRunner" time="62.134">
    <system-out><![CDATA[Test Started insertcategory is : 
Select * FROM Category WHERE name = 'Datapeb';
Test Started deletecategory is : 
]]></system-out>
    <system-err><![CDATA[10790 [main] INFO io.github.bonigarcia.wdm.WebDriverManager - Using chromedriver 111.0.5563.64 (resolved driver for Chrome 111)
10813 [main] INFO io.github.bonigarcia.wdm.WebDriverManager - Exporting webdriver.chrome.driver as C:\Users\sowji\.cache\selenium\chromedriver\win32\111.0.5563.64\chromedriver.exe
Starting ChromeDriver 111.0.5563.64 (c710e93d5b63b7095afe8c2c17df34408078439d-refs/branch-heads/5563@{#995}) on port 2507
Only local connections are allowed.
Please see https://chromedriver.chromium.org/security-considerations for suggestions on keeping ChromeDriver safe.
ChromeDriver was started successfully.
Mar 19, 2023 4:53:23 PM org.openqa.selenium.devtools.CdpVersionFinder findNearestMatch
WARNING: Unable to find CDP implementation matching 111
Mar 19, 2023 4:53:23 PM org.openqa.selenium.chromium.ChromiumDriver lambda$new$3
WARNING: Unable to find version of CDP to use for . You may need to include a dependency on a specific version of the CDP using something similar to `org.seleniumhq.selenium:selenium-devtools-v86:4.8.1` where the version ("v86") matches the version of the chromium-based browser you're using and the version number of the artifact is the same as Selenium's.
Loading class `com.mysql.jdbc.Driver'. This is deprecated. The new driver class is `com.mysql.cj.jdbc.Driver'. The driver is automatically registered via the SPI and manual loading of the driver class is generally unnecessary.
]]></system-err>
  </testcase>
  <testcase name="runScenario[&quot;Delete a new Category&quot;, &quot;Inserting data into the database&quot;](4)" classname="runner.TestRunner" time="1.352">
    <system-out><![CDATA[DELETE FROM Category WHERE name = 'Datapeb';
Test Started deletecategory
Record deleted
]]></system-out>
    <system-err><![CDATA[73212 [main] INFO io.github.bonigarcia.wdm.WebDriverManager - Using chromedriver 111.0.5563.64 (resolved driver for Chrome 111)
73241 [main] INFO io.github.bonigarcia.wdm.WebDriverManager - Exporting webdriver.chrome.driver as C:\Users\sowji\.cache\selenium\chromedriver\win32\111.0.5563.64\chromedriver.exe
Starting ChromeDriver 111.0.5563.64 (c710e93d5b63b7095afe8c2c17df34408078439d-refs/branch-heads/5563@{#995}) on port 17188
Only local connections are allowed.
Please see https://chromedriver.chromium.org/security-considerations for suggestions on keeping ChromeDriver safe.
ChromeDriver was started successfully.
Mar 19, 2023 4:54:26 PM org.openqa.selenium.devtools.CdpVersionFinder findNearestMatch
WARNING: Unable to find CDP implementation matching 111
Mar 19, 2023 4:54:26 PM org.openqa.selenium.chromium.ChromiumDriver lambda$new$3
WARNING: Unable to find version of CDP to use for . You may need to include a dependency on a specific version of the CDP using something similar to `org.seleniumhq.selenium:selenium-devtools-v86:4.8.1` where the version ("v86") matches the version of the chromium-based browser you're using and the version number of the artifact is the same as Selenium's.
]]></system-err>
  </testcase>
  <testcase name="runScenario[&quot;Add a new User&quot;, &quot;Inserting data into the database&quot;](5)" classname="runner.TestRunner" time="5.282">
    <system-out><![CDATA[Inserted User to database
]]></system-out>
    <system-err><![CDATA[74809 [main] INFO io.github.bonigarcia.wdm.WebDriverManager - Using chromedriver 111.0.5563.64 (resolved driver for Chrome 111)
74827 [main] INFO io.github.bonigarcia.wdm.WebDriverManager - Exporting webdriver.chrome.driver as C:\Users\sowji\.cache\selenium\chromedriver\win32\111.0.5563.64\chromedriver.exe
Starting ChromeDriver 111.0.5563.64 (c710e93d5b63b7095afe8c2c17df34408078439d-refs/branch-heads/5563@{#995}) on port 21229
Only local connections are allowed.
Please see https://chromedriver.chromium.org/security-considerations for suggestions on keeping ChromeDriver safe.
ChromeDriver was started successfully.
Mar 19, 2023 4:54:27 PM org.openqa.selenium.devtools.CdpVersionFinder findNearestMatch
WARNING: Unable to find CDP implementation matching 111
Mar 19, 2023 4:54:27 PM org.openqa.selenium.chromium.ChromiumDriver lambda$new$3
WARNING: Unable to find version of CDP to use for . You may need to include a dependency on a specific version of the CDP using something similar to `org.seleniumhq.selenium:selenium-devtools-v86:4.8.1` where the version ("v86") matches the version of the chromium-based browser you're using and the version number of the artifact is the same as Selenium's.
]]></system-err>
  </testcase>
  <testcase name="runScenario[&quot;Register as an User&quot;, &quot;Login into medicare Application&quot;](6)" classname="runner.TestRunner" time="13.291">
    <system-err><![CDATA[80456 [main] INFO io.github.bonigarcia.wdm.WebDriverManager - Using chromedriver 111.0.5563.64 (resolved driver for Chrome 111)
80473 [main] INFO io.github.bonigarcia.wdm.WebDriverManager - Exporting webdriver.chrome.driver as C:\Users\sowji\.cache\selenium\chromedriver\win32\111.0.5563.64\chromedriver.exe
Starting ChromeDriver 111.0.5563.64 (c710e93d5b63b7095afe8c2c17df34408078439d-refs/branch-heads/5563@{#995}) on port 40521
Only local connections are allowed.
Please see https://chromedriver.chromium.org/security-considerations for suggestions on keeping ChromeDriver safe.
ChromeDriver was started successfully.
Mar 19, 2023 4:54:33 PM org.openqa.selenium.devtools.CdpVersionFinder findNearestMatch
WARNING: Unable to find CDP implementation matching 111
Mar 19, 2023 4:54:33 PM org.openqa.selenium.chromium.ChromiumDriver lambda$new$3
WARNING: Unable to find version of CDP to use for . You may need to include a dependency on a specific version of the CDP using something similar to `org.seleniumhq.selenium:selenium-devtools-v86:4.8.1` where the version ("v86") matches the version of the chromium-based browser you're using and the version number of the artifact is the same as Selenium's.
]]></system-err>
  </testcase>
  <testcase name="runScenario[&quot;Login into medicare as an User&quot;, &quot;Login into medicare Application&quot;](7)" classname="runner.TestRunner" time="16.947">
    <system-out><![CDATA[
Scenario: Retrieving a list of Products                      # features/B_API.feature:3
  Given the API endpoint is "http://localhost:8080/medicare" # stepsDefinitions.API_viewallProductsSteps.theAPIEndpointIs(java.lang.String)
  When a GET request is sent                                 # stepsDefinitions.API_viewallProductsSteps.aGETRequestIsSent()
  Then the response status code should be 200                # stepsDefinitions.API_viewallProductsSteps.theResponseStatusCodeShouldBe(java.lang.Integer)
  And Validate cookies and hearder                           # stepsDefinitions.API_viewallProductsSteps.validateCookiesAndHearder()
  And the response should contain a list of Products         # stepsDefinitions.API_viewallProductsSteps.theResponseShouldContainAListOfProducts()
  And Validate the products in UI and API                    # stepsDefinitions.API_viewallProductsSteps.validateTheProductsInUIAndAPI()

Scenario: Delete a single category Products                      # features/B_API.feature:13
  Given the API endpoint is "http://localhost:8080/medicare"     # stepsDefinitions.API_viewallProductsSteps.theAPIEndpointIs(java.lang.String)
  When a GET request is sent to fect Category Products           # stepsDefinitions.API_viewCatProductSteps.a_get_request_is_sent_to_fect_category_products()
  Then the response status code of Category should be 200        # stepsDefinitions.API_viewCatProductSteps.the_response_status_code_of_category_should_be(java.lang.Integer)
  And Validate category cookies and hearder                      # stepsDefinitions.API_viewCatProductSteps.validate_category_cookies_and_hearder()
  And the response should contain a list of Products in category # stepsDefinitions.API_viewCatProductSteps.the_response_should_contain_a_list_of_Products_in_category()
  And Validate the Category products in UI and API               # stepsDefinitions.API_viewCatProductSteps.validate_the_category_products_in_ui_and_api()

Scenario: Inserting a new Category                       # features/DBTest.feature:3
  Given I have a database connection                     # stepsDefinitions.D_InsertSteps.i_have_a_database_connection()
  When I insert a new Category with name and description # stepsDefinitions.D_InsertSteps.i_insert_a_new_category_with_name_and_description()
  Then the Category should be added to the database      # stepsDefinitions.D_InsertSteps.the_category_should_be_added_to_the_database()
  Then check Category Displaying in GUI                  # stepsDefinitions.D_InsertSteps.check_category_displaying_in_GUI()
  And Close the driver                                   # stepsDefinitions.D_InsertSteps.close_the_driver()

Scenario: Delete a new Category                         # features/DBTest.feature:10
  Given I have a database connection                    # stepsDefinitions.D_InsertSteps.i_have_a_database_connection()
  When I delete new Category with name                  # stepsDefinitions.D_DeleteSteps.i_delete_new_category_with_name()
  Then the Category should be deleted from the database # stepsDefinitions.D_DeleteSteps.the_category_should_be_deleted_from_the_database()
  And Close the driver                                  # stepsDefinitions.D_InsertSteps.close_the_driver()

Scenario: Add a new User                                 # features/DBTest.feature:16
  Given I have a database connection                     # stepsDefinitions.D_InsertSteps.i_have_a_database_connection()
  When I Add new User with required details              # stepsDefinitions.D_InsertUser.i_add_new_user_with_required_details()
  Then the User should be added to the database          # stepsDefinitions.D_InsertUser.the_user_should_be_added_to_the_database()
  And Close the driver                                   # stepsDefinitions.D_InsertSteps.close_the_driver()
  When User launch the URL.                              # stepsDefinitions.LoginStepss.user_launch_the_url()
  And Click on login                                     # stepsDefinitions.LoginStepss.click_on_login()
  And Validate lated on Loginpage of medicare            # stepsDefinitions.LoginStepss.validate_lated_on_loginpage_of_medicare()
  And Enter the user "vs@gmail.com" and password "12345" # stepsDefinitions.LoginStepss.enter_the_user_and_password(java.lang.String,java.lang.String)
  And click on login button                              # stepsDefinitions.LoginStepss.click_on_login_button()
  Then Validate Admin/User logged into the application   # stepsDefinitions.LoginStepss.validate_admin_user_logged_into_the_application()

Scenario: Register as an User                                                                # features/UITest.feature:9
  Given User launch the URL.                                                                 # stepsDefinitions.LoginStepss.user_launch_the_url()
  Then Click on login                                                                        # stepsDefinitions.LoginStepss.click_on_login()
  When Validate Home Page                                                                    # stepsDefinitions.RegisterSteps.validate_home_page()
  And Click on Register User                                                                 # stepsDefinitions.RegisterSteps.click_on_register_user()
  And Enter required personal details                                                        # stepsDefinitions.RegisterSteps.enter_required_personal_details()
  And select the Role                                                                        # stepsDefinitions.RegisterSteps.select_the_role()
  Then click on Next - Billing                                                               # stepsDefinitions.RegisterSteps.click_on_next_billing()
  When Enter the address details                                                             # stepsDefinitions.RegisterSteps.enter_the_address_details()
  Then click on next - confirm and validate Previous is enable to click and click on confirm # stepsDefinitions.RegisterSteps.click_on_next_confirm_and_validate_previous_is_enable_to_click_and_click_on_confirm()
  And Validate Welcom page should be displayed and click on login here                       # stepsDefinitions.RegisterSteps.validate_welcom_page_should_be_displayed_and_click_on_login_here()
  When Validate lated on Loginpage of medicare                                               # stepsDefinitions.LoginStepss.validate_lated_on_loginpage_of_medicare()
  And Enter the user and password                                                            # stepsDefinitions.RegisterSteps.enter_the_user_and_password()
  And click on login button                                                                  # stepsDefinitions.LoginStepss.click_on_login_button()
  Then Validate User logged into the application check the new user name added or not        # stepsDefinitions.RegisterSteps.validate_user_logged_into_the_application_check_the_new_user_name_added_or_not()
  And Log out of the application                                                             # stepsDefinitions.LoginStepss.Log_out_of_the_application()

Scenario: Login into medicare as an User                                   # features/UITest.feature:25
  Given User launch the URL.                                               # stepsDefinitions.LoginStepss.user_launch_the_url()
  Then Click on login                                                      # stepsDefinitions.LoginStepss.click_on_login()
  When Validate lated on Loginpage of medicare                             # stepsDefinitions.LoginStepss.validate_lated_on_loginpage_of_medicare()
  And Enter the user "kn@gmail.com" and password "12345"                   # stepsDefinitions.LoginStepss.enter_the_user_and_password(java.lang.String,java.lang.String)
  And click on login button                                                # stepsDefinitions.LoginStepss.click_on_login_button()
  Then Validate Admin/User logged into the application                     # stepsDefinitions.LoginStepss.validate_admin_user_logged_into_the_application()
  When Click on view Products                                              # stepsDefinitions.PrParacetamol
Combiflame
Diclofenac
Aceclofenac
Amoxicillin
[Paracetamol, Combiflame, Diclofenac, Aceclofenac, Amoxicillin]
]]></system-out>
    <system-err><![CDATA[94147 [main] INFO io.github.bonigarcia.wdm.WebDriverManager - Using chromedriver 111.0.5563.64 (resolved driver for Chrome 111)
94176 [main] INFO io.github.bonigarcia.wdm.WebDriverManager - Exporting webdriver.chrome.driver as C:\Users\sowji\.cache\selenium\chromedriver\win32\111.0.5563.64\chromedriver.exe
Starting ChromeDriver 111.0.5563.64 (c710e93d5b63b7095afe8c2c17df34408078439d-refs/branch-heads/5563@{#995}) on port 7035
Only local connections are allowed.
Please see https://chromedriver.chromium.org/security-considerations for suggestions on keeping ChromeDriver safe.
ChromeDriver was started successfully.
Mar 19, 2023 4:54:46 PM org.openqa.selenium.devtools.CdpVersionFinder findNearestMatch
WARNING: Unable to find CDP implementation matching 111
Mar 19, 2023 4:54:46 PM org.openqa.selenium.chromium.ChromiumDriver lambda$new$3
WARNING: Unable to find version of CDP to use for . You may need to include a dependency on a specific version of the CDP using something similar to `org.seleniumhq.selenium:selenium-devtools-v86:4.8.1` where the version ("v86") matches the version of the chromium-based browser you're using and the version number of the artifact is the same as Selenium's.
]]></system-err>
  </testcase>
  <testcase name="runScenario[&quot;Login into medicare as an User&quot;, &quot;Login into medicare Application&quot;](8)" classname="runner.TestRunner" time="9.506">
    <system-err><![CDATA[111342 [main] INFO io.github.bonigarcia.wdm.WebDriverManager - Using chromedriver 111.0.5563.64 (resolved driver for Chrome 111)
111370 [main] INFO io.github.bonigarcia.wdm.WebDriverManager - Exporting webdriver.chrome.driver as C:\Users\sowji\.cache\selenium\chromedriver\win32\111.0.5563.64\chromedriver.exe
Starting ChromeDriver 111.0.5563.64 (c710e93d5b63b7095afe8c2c17df34408078439d-refs/branch-heads/5563@{#995}) on port 17395
Only local connections are allowed.
Please see https://chromedriver.chromium.org/security-considerations for suggestions on keeping ChromeDriver safe.
ChromeDriver was started successfully.
Mar 19, 2023 4:55:03 PM org.openqa.selenium.devtools.CdpVersionFinder findNearestMatch
WARNING: Unable to find CDP implementation matching 111
Mar 19, 2023 4:55:03 PM org.openqa.selenium.chromium.ChromiumDriver lambda$new$3
WARNING: Unable to find version of CDP to use for . You may need to include a dependency on a specific version of the CDP using something similar to `org.seleniumhq.selenium:selenium-devtools-v86:4.8.1` where the version ("v86") matches the version of the chromium-based browser you're using and the version number of the artifact is the same as Selenium's.
]]></system-err>
  </testcase>
  <testcase name="runScenario[&quot;Add Catgory to Application as an Admin&quot;, &quot;Login into medicare Application&quot;](9)" classname="runner.TestRunner" time="8.867">
    <system-err><![CDATA[121156 [main] INFO io.github.bonigarcia.wdm.WebDriverManager - Using chromedriver 111.0.5563.64 (resolved driver for Chrome 111)
121193 [main] INFO io.github.bonigarcia.wdm.WebDriverManager - Exporting webdriver.chrome.driver as C:\Users\sowji\.cache\selenium\chromedriver\win32\111.0.5563.64\chromedriver.exe
Starting ChromeDriver 111.0.5563.64 (c710e93d5b63b7095afe8c2c17df34408078439d-refs/branch-heads/5563@{#995}) on port 33236
Only local connections are allowed.
Please see https://chromedriver.chromium.org/security-considerations for suggestions on keeping ChromeDriver safe.
ChromeDriver was started successfully.
Mar 19, 2023 4:55:13 PM org.openqa.selenium.devtools.CdpVersionFinder findNearestMatch
WARNING: Unable to find CDP implementation matching 111
Mar 19, 2023 4:55:13 PM org.openqa.selenium.chromium.ChromiumDriver lambda$new$3
WARNING: Unable to find version of CDP to use for . You may need to include a dependency on a specific version of the CDP using something similar to `org.seleniumhq.selenium:selenium-devtools-v86:4.8.1` where the version ("v86") matches the version of the chromium-based browser you're using and the version number of the artifact is the same as Selenium's.
]]></system-err>
  </testcase>
</testsuite>