<?xml version="1.0" encoding="UTF-8"?>
<testng-results ignored="0" total="10" passed="10" failed="0" skipped="0">
  <reporter-output>
  </reporter-output>
  <suite started-at="2023-03-27T13:21:06 IST" name="Smoke Suite" finished-at="2023-03-27T13:23:22 IST" duration-ms="136458">
    <groups>
      <group name="cucumber">
        <method signature="AbstractTestNGCucumberTests.runScenario(io.cucumber.testng.PickleWrapper,io.cucumber.testng.FeatureWrapper)[pri:0, instance:runner.TestRunner@34bde49d]" name="runScenario" class="io.cucumber.testng.AbstractTestNGCucumberTests"/>
      </group> <!-- cucumber -->
    </groups>
    <test started-at="2023-03-27T13:21:06 IST" name="Smoke Test1" finished-at="2023-03-27T13:23:22 IST" duration-ms="136458">
      <class name="runner.TestRunner">
        <test-method is-config="true" signature="setUpClass(org.testng.ITestContext)[pri:0, instance:runner.TestRunner@34bde49d]" started-at="2023-03-27T13:21:06 IST" name="setUpClass" finished-at="2023-03-27T13:21:07 IST" duration-ms="1258" status="PASS">
          <params>
            <param index="0">
              <value>
                <![CDATA[org.testng.TestRunner@40123014]]>
              </value>
            </param>
          </params>
          <reporter-output>
          </reporter-output>
        </test-method> <!-- setUpClass -->
        <test-method signature="runScenario(io.cucumber.testng.PickleWrapper,io.cucumber.testng.FeatureWrapper)[pri:0, instance:runner.TestRunner@34bde49d]" started-at="2023-03-27T13:21:07 IST" name="runScenario" description="Runs Cucumber Scenarios" data-provider="scenarios" finished-at="2023-03-27T13:21:16 IST" duration-ms="9403" status="PASS">
          <params>
            <param index="0">
              <value>
                <![CDATA["Retrieving a list of Products"]]>
              </value>
            </param>
            <param index="1">
              <value>
                <![CDATA["Get Products API"]]>
              </value>
            </param>
          </params>
          <reporter-output>
          </reporter-output>
        </test-method> <!-- runScenario -->
        <test-method signature="runScenario(io.cucumber.testng.PickleWrapper,io.cucumber.testng.FeatureWrapper)[pri:0, instance:runner.TestRunner@34bde49d]" started-at="2023-03-27T13:21:17 IST" name="runScenario" description="Runs Cucumber Scenarios" data-provider="scenarios" finished-at="2023-03-27T13:21:18 IST" duration-ms="1455" status="PASS">
          <params>
            <param index="0">
              <value>
                <![CDATA["Retrieving single category Products"]]>
              </value>
            </param>
            <param index="1">
              <value>
                <![CDATA["Get Products API"]]>
              </value>
            </param>
          </params>
          <reporter-output>
          </reporter-output>
        </test-method> <!-- runScenario -->
        <test-method signature="runScenario(io.cucumber.testng.PickleWrapper,io.cucumber.testng.FeatureWrapper)[pri:0, instance:runner.TestRunner@34bde49d]" started-at="2023-03-27T13:21:19 IST" name="runScenario" description="Runs Cucumber Scenarios" data-provider="scenarios" finished-at="2023-03-27T13:22:21 IST" duration-ms="62100" status="PASS">
          <params>
            <param index="0">
              <value>
                <![CDATA["Inserting a new Category"]]>
              </value>
            </param>
            <param index="1">
              <value>
                <![CDATA["Inserting data into the database"]]>
              </value>
            </param>
          </params>
          <reporter-output>
          </reporter-output>
        </test-method> <!-- runScenario -->
        <test-method signature="runScenario(io.cucumber.testng.PickleWrapper,io.cucumber.testng.FeatureWrapper)[pri:0, instance:runner.TestRunner@34bde49d]" started-at="2023-03-27T13:22:21 IST" name="runScenario" description="Runs Cucumber Scenarios" data-provider="scenarios" finished-at="2023-03-27T13:22:22 IST" duration-ms="1215" status="PASS">
          <params>
            <param index="0">
              <value>
                <![CDATA["Delete a new Category"]]>
              </value>
            </param>
            <param index="1">
              <value>
                <![CDATA["Inserting data into the database"]]>
              </value>
            </param>
          </params>
          <reporter-output>
          </reporter-output>
        </test-method> <!-- runScenario -->
        <test-method signature="runScenario(io.cucumber.testng.PickleWrapper,io.cucumber.testng.FeatureWrapper)[pri:0, instance:runner.TestRunner@34bde49d]" started-at="2023-03-27T13:22:22 IST" name="runScenario" description="Runs Cucumber Scenarios" data-provider="scenarios" finished-at="2023-03-27T13:22:27 IST" duration-ms="5135" status="PASS">
          <params>
            <param index="0">
              <value>
                <![CDATA["Add a new User"]]>
              </value>
            </param>
            <param index="1">
              <value>
                <![CDATA["Inserting data into the database"]]>
              </value>
            </param>
          </params>
          <reporter-output>
          </reporter-output>
        </test-method> <!-- runScenario -->
        <test-method signature="runScenario(io.cucumber.testng.PickleWrapper,io.cucumber.testng.FeatureWrapper)[pri:0, instance:runner.TestRunner@34bde49d]" started-at="2023-03-27T13:22:28 IST" name="runScenario" description="Runs Cucumber Scenarios" data-provider="scenarios" finished-at="2023-03-27T13:22:29 IST" duration-ms="1038" status="PASS">
          <params>
            <param index="0">
              <value>
                <![CDATA["Get list of Category"]]>
              </value>
            </param>
            <param index="1">
              <value>
                <![CDATA["Inserting data into the database"]]>
              </value>
            </param>
          </params>
          <reporter-output>
          </reporter-output>
        </test-method> <!-- runScenario -->
        <test-method signature="runScenario(io.cucumber.testng.PickleWrapper,io.cucumber.testng.FeatureWrapper)[pri:0, instance:runner.TestRunner@34bde49d]" started-at="2023-03-27T13:22:29 IST" name="runScenario" description="Runs Cucumber Scenarios" data-provider="scenarios" finished-at="2023-03-27T13:22:46 IST" duration-ms="16470" status="PASS">
          <params>
            <param index="0">
              <value>
                <![CDATA["Register as an User"]]>
              </value>
            </param>
            <param index="1">
              <value>
                <![CDATA["Login into medicare Application"]]>
              </value>
            </param>
          </params>
          <reporter-output>
          </reporter-output>
        </test-method> <!-- runScenario -->
        <test-method signature="runScenario(io.cucumber.testng.PickleWrapper,io.cucumber.testng.FeatureWrapper)[pri:0, instance:runner.TestRunner@34bde49d]" started-at="2023-03-27T13:22:46 IST" name="runScenario" description="Runs Cucumber Scenarios" data-provider="scenarios" finished-at="2023-03-27T13:23:03 IST" duration-ms="17031" status="PASS">
          <params>
            <param index="0">
              <value>
                <![CDATA["Login into medicare as an User"]]>
              </value>
            </param>
            <param index="1">
              <value>
                <![CDATA["Login into medicare Application"]]>
              </value>
            </param>
          </params>
          <reporter-output>
          </reporter-output>
        </test-method> <!-- runScenario -->
        <test-method signature="runScenario(io.cucumber.testng.PickleWrapper,io.cucumber.testng.FeatureWrapper)[pri:0, instance:runner.TestRunner@34bde49d]" started-at="2023-03-27T13:23:03 IST" name="runScenario" description="Runs Cucumber Scenarios" data-provider="scenarios" finished-at="2023-03-27T13:23:13 IST" duration-ms="9461" status="PASS">
          <params>
            <param index="0">
              <value>
                <![CDATA["Login into medicare as an User"]]>
              </value>
            </param>
            <param index="1">
              <value>
                <![CDATA["Login into medicare Application"]]>
              </value>
            </param>
          </params>
          <reporter-output>
          </reporter-output>
        </test-method> <!-- runScenario -->
        <test-method signature="runScenario(io.cucumber.testng.PickleWrapper,io.cucumber.testng.FeatureWrapper)[pri:0, instance:runner.TestRunner@34bde49d]" started-at="2023-03-27T13:23:13 IST" name="runScenario" description="Runs Cucumber Scenarios" data-provider="scenarios" finished-at="2023-03-27T13:23:22 IST" duration-ms="8842" status="PASS">
          <params>
            <param index="0">
              <value>
                <![CDATA["Add Catgory to Application as an Admin"]]>
              </value>
            </param>
            <param index="1">
              <value>
                <![CDATA["Login into medicare Application"]]>
              </value>
            </param>
          </params>
          <reporter-output>
          </reporter-output>
        </test-method> <!-- runScenario -->
        <test-method is-config="true" signature="tearDownClass()[pri:0, instance:runner.TestRunner@34bde49d]" started-at="2023-03-27T13:23:22 IST" name="tearDownClass" finished-at="2023-03-27T13:23:22 IST" duration-ms="149" status="PASS">
          <reporter-output>
          </reporter-output>
        </test-method> <!-- tearDownClass -->
      </class> <!-- runner.TestRunner -->
    </test> <!-- Smoke Test1 -->
  </suite> <!-- Smoke Suite -->
</testng-results>
