<?xml version="1.0" encoding="UTF-8"?>
<testng-results ignored="0" total="9" passed="9" failed="0" skipped="0">
  <reporter-output>
  </reporter-output>
  <suite started-at="2023-03-19T16:53:09 IST" name="Smoke Suite" finished-at="2023-03-19T16:55:22 IST" duration-ms="132201">
    <groups>
      <group name="cucumber">
        <method signature="AbstractTestNGCucumberTests.runScenario(io.cucumber.testng.PickleWrapper,io.cucumber.testng.FeatureWrapper)[pri:0, instance:runner.TestRunner@624ea235]" name="runScenario" class="io.cucumber.testng.AbstractTestNGCucumberTests"/>
      </group> <!-- cucumber -->
    </groups>
    <test started-at="2023-03-19T16:53:09 IST" name="Smoke Test1" finished-at="2023-03-19T16:55:22 IST" duration-ms="132201">
      <class name="runner.TestRunner">
        <test-method is-config="true" signature="setUpClass(org.testng.ITestContext)[pri:0, instance:runner.TestRunner@624ea235]" started-at="2023-03-19T16:53:09 IST" name="setUpClass" finished-at="2023-03-19T16:53:11 IST" duration-ms="1193" status="PASS">
          <params>
            <param index="0">
              <value>
                <![CDATA[org.testng.TestRunner@28cfbcc]]>
              </value>
            </param>
          </params>
          <reporter-output>
          </reporter-output>
        </test-method> <!-- setUpClass -->
        <test-method signature="runScenario(io.cucumber.testng.PickleWrapper,io.cucumber.testng.FeatureWrapper)[pri:0, instance:runner.TestRunner@624ea235]" started-at="2023-03-19T16:53:11 IST" name="runScenario" description="Runs Cucumber Scenarios" data-provider="scenarios" finished-at="2023-03-19T16:53:20 IST" duration-ms="9289" status="PASS">
          <params>
            <param index="0">
              <value>
                <![CDATA["Retrieving a list of Products"]]>
              </value>
            </param>
            <param index="1">
              <value>
                <![CDATA["Get Products API"]]>
              </value>
            </param>
          </params>
          <reporter-output>
          </reporter-output>
        </test-method> <!-- runScenario -->
        <test-method signature="runScenario(io.cucumber.testng.PickleWrapper,io.cucumber.testng.FeatureWrapper)[pri:0, instance:runner.TestRunner@624ea235]" started-at="2023-03-19T16:53:20 IST" name="runScenario" description="Runs Cucumber Scenarios" data-provider="scenarios" finished-at="2023-03-19T16:53:22 IST" duration-ms="1461" status="PASS">
          <params>
            <param index="0">
              <value>
                <![CDATA["Delete a single category Products"]]>
              </value>
            </param>
            <param index="1">
              <value>
                <![CDATA["Get Products API"]]>
              </value>
            </param>
          </params>
          <reporter-output>
          </reporter-output>
        </test-method> <!-- runScenario -->
        <test-method signature="runScenario(io.cucumber.testng.PickleWrapper,io.cucumber.testng.FeatureWrapper)[pri:0, instance:runner.TestRunner@624ea235]" started-at="2023-03-19T16:53:22 IST" name="runScenario" description="Runs Cucumber Scenarios" data-provider="scenarios" finished-at="2023-03-19T16:54:24 IST" duration-ms="62135" status="PASS">
          <params>
            <param index="0">
              <value>
                <![CDATA["Inserting a new Category"]]>
              </value>
            </param>
            <param index="1">
              <value>
                <![CDATA["Inserting data into the database"]]>
              </value>
            </param>
          </params>
          <reporter-output>
          </reporter-output>
        </test-method> <!-- runScenario -->
        <test-method signature="runScenario(io.cucumber.testng.PickleWrapper,io.cucumber.testng.FeatureWrapper)[pri:0, instance:runner.TestRunner@624ea235]" started-at="2023-03-19T16:54:24 IST" name="runScenario" description="Runs Cucumber Scenarios" data-provider="scenarios" finished-at="2023-03-19T16:54:26 IST" duration-ms="1351" status="PASS">
          <params>
            <param index="0">
              <value>
                <![CDATA["Delete a new Category"]]>
              </value>
            </param>
            <param index="1">
              <value>
                <![CDATA["Inserting data into the database"]]>
              </value>
            </param>
          </params>
          <reporter-output>
          </reporter-output>
        </test-method> <!-- runScenario -->
        <test-method signature="runScenario(io.cucumber.testng.PickleWrapper,io.cucumber.testng.FeatureWrapper)[pri:0, instance:runner.TestRunner@624ea235]" started-at="2023-03-19T16:54:26 IST" name="runScenario" description="Runs Cucumber Scenarios" data-provider="scenarios" finished-at="2023-03-19T16:54:31 IST" duration-ms="5284" status="PASS">
          <params>
            <param index="0">
              <value>
                <![CDATA["Add a new User"]]>
              </value>
            </param>
            <param index="1">
              <value>
                <![CDATA["Inserting data into the database"]]>
              </value>
            </param>
          </params>
          <reporter-output>
          </reporter-output>
        </test-method> <!-- runScenario -->
        <test-method signature="runScenario(io.cucumber.testng.PickleWrapper,io.cucumber.testng.FeatureWrapper)[pri:0, instance:runner.TestRunner@624ea235]" started-at="2023-03-19T16:54:31 IST" name="runScenario" description="Runs Cucumber Scenarios" data-provider="scenarios" finished-at="2023-03-19T16:54:45 IST" duration-ms="13291" status="PASS">
          <params>
            <param index="0">
              <value>
                <![CDATA["Register as an User"]]>
              </value>
            </param>
            <param index="1">
              <value>
                <![CDATA["Login into medicare Application"]]>
              </value>
            </param>
          </params>
          <reporter-output>
          </reporter-output>
        </test-method> <!-- runScenario -->
        <test-method signature="runScenario(io.cucumber.testng.PickleWrapper,io.cucumber.testng.FeatureWrapper)[pri:0, instance:runner.TestRunner@624ea235]" started-at="2023-03-19T16:54:45 IST" name="runScenario" description="Runs Cucumber Scenarios" data-provider="scenarios" finished-at="2023-03-19T16:55:02 IST" duration-ms="16947" status="PASS">
          <params>
            <param index="0">
              <value>
                <![CDATA["Login into medicare as an User"]]>
              </value>
            </param>
            <param index="1">
              <value>
                <![CDATA["Login into medicare Application"]]>
              </value>
            </param>
          </params>
          <reporter-output>
          </reporter-output>
        </test-method> <!-- runScenario -->
        <test-method signature="runScenario(io.cucumber.testng.PickleWrapper,io.cucumber.testng.FeatureWrapper)[pri:0, instance:runner.TestRunner@624ea235]" started-at="2023-03-19T16:55:02 IST" name="runScenario" description="Runs Cucumber Scenarios" data-provider="scenarios" finished-at="2023-03-19T16:55:12 IST" duration-ms="9506" status="PASS">
          <params>
            <param index="0">
              <value>
                <![CDATA["Login into medicare as an User"]]>
              </value>
            </param>
            <param index="1">
              <value>
                <![CDATA["Login into medicare Application"]]>
              </value>
            </param>
          </params>
          <reporter-output>
          </reporter-output>
        </test-method> <!-- runScenario -->
        <test-method signature="runScenario(io.cucumber.testng.PickleWrapper,io.cucumber.testng.FeatureWrapper)[pri:0, instance:runner.TestRunner@624ea235]" started-at="2023-03-19T16:55:12 IST" name="runScenario" description="Runs Cucumber Scenarios" data-provider="scenarios" finished-at="2023-03-19T16:55:21 IST" duration-ms="8867" status="PASS">
          <params>
            <param index="0">
              <value>
                <![CDATA["Add Catgory to Application as an Admin"]]>
              </value>
            </param>
            <param index="1">
              <value>
                <![CDATA["Login into medicare Application"]]>
              </value>
            </param>
          </params>
          <reporter-output>
          </reporter-output>
        </test-method> <!-- runScenario -->
        <test-method is-config="true" signature="tearDownClass()[pri:0, instance:runner.TestRunner@624ea235]" started-at="2023-03-19T16:55:21 IST" name="tearDownClass" finished-at="2023-03-19T16:55:22 IST" duration-ms="167" status="PASS">
          <reporter-output>
          </reporter-output>
        </test-method> <!-- tearDownClass -->
      </class> <!-- runner.TestRunner -->
    </test> <!-- Smoke Test1 -->
  </suite> <!-- Smoke Suite -->
</testng-results>
