<?xml version="1.0" encoding="UTF-8"?>
<testng-results ignored="0" total="9" passed="9" failed="0" skipped="0">
  <reporter-output>
  </reporter-output>
  <suite started-at="2023-03-19T10:05:47 IST" name="Smoke Suite" finished-at="2023-03-19T10:07:39 IST" duration-ms="111768">
    <groups>
      <group name="cucumber">
        <method signature="AbstractTestNGCucumberTests.runScenario(io.cucumber.testng.PickleWrapper,io.cucumber.testng.FeatureWrapper)[pri:0, instance:runner.TestRunner@2d901eb0]" name="runScenario" class="io.cucumber.testng.AbstractTestNGCucumberTests"/>
      </group> <!-- cucumber -->
    </groups>
    <test started-at="2023-03-19T10:05:47 IST" name="Smoke Test1" finished-at="2023-03-19T10:07:39 IST" duration-ms="111768">
      <class name="runner.TestRunner">
        <test-method is-config="true" signature="setUpClass(org.testng.ITestContext)[pri:0, instance:runner.TestRunner@2d901eb0]" started-at="2023-03-19T10:05:47 IST" name="setUpClass" finished-at="2023-03-19T10:05:48 IST" duration-ms="776" status="PASS">
          <params>
            <param index="0">
              <value>
                <![CDATA[org.testng.TestRunner@2d094add]]>
              </value>
            </param>
          </params>
          <reporter-output>
          </reporter-output>
        </test-method> <!-- setUpClass -->
        <test-method signature="runScenario(io.cucumber.testng.PickleWrapper,io.cucumber.testng.FeatureWrapper)[pri:0, instance:runner.TestRunner@2d901eb0]" started-at="2023-03-19T10:05:48 IST" name="runScenario" description="Runs Cucumber Scenarios" data-provider="scenarios" finished-at="2023-03-19T10:05:53 IST" duration-ms="5105" status="PASS">
          <params>
            <param index="0">
              <value>
                <![CDATA["Retrieving a list of Products"]]>
              </value>
            </param>
            <param index="1">
              <value>
                <![CDATA["Get Products API"]]>
              </value>
            </param>
          </params>
          <reporter-output>
          </reporter-output>
        </test-method> <!-- runScenario -->
        <test-method signature="runScenario(io.cucumber.testng.PickleWrapper,io.cucumber.testng.FeatureWrapper)[pri:0, instance:runner.TestRunner@2d901eb0]" started-at="2023-03-19T10:05:53 IST" name="runScenario" description="Runs Cucumber Scenarios" data-provider="scenarios" finished-at="2023-03-19T10:05:54 IST" duration-ms="902" status="PASS">
          <params>
            <param index="0">
              <value>
                <![CDATA["Delete a single category Products"]]>
              </value>
            </param>
            <param index="1">
              <value>
                <![CDATA["Get Products API"]]>
              </value>
            </param>
          </params>
          <reporter-output>
          </reporter-output>
        </test-method> <!-- runScenario -->
        <test-method signature="runScenario(io.cucumber.testng.PickleWrapper,io.cucumber.testng.FeatureWrapper)[pri:0, instance:runner.TestRunner@2d901eb0]" started-at="2023-03-19T10:05:54 IST" name="runScenario" description="Runs Cucumber Scenarios" data-provider="scenarios" finished-at="2023-03-19T10:06:56 IST" duration-ms="61367" status="PASS">
          <params>
            <param index="0">
              <value>
                <![CDATA["Inserting a new Category"]]>
              </value>
            </param>
            <param index="1">
              <value>
                <![CDATA["Inserting data into the database"]]>
              </value>
            </param>
          </params>
          <reporter-output>
          </reporter-output>
        </test-method> <!-- runScenario -->
        <test-method signature="runScenario(io.cucumber.testng.PickleWrapper,io.cucumber.testng.FeatureWrapper)[pri:0, instance:runner.TestRunner@2d901eb0]" started-at="2023-03-19T10:06:56 IST" name="runScenario" description="Runs Cucumber Scenarios" data-provider="scenarios" finished-at="2023-03-19T10:06:57 IST" duration-ms="793" status="PASS">
          <params>
            <param index="0">
              <value>
                <![CDATA["Delete a new Category"]]>
              </value>
            </param>
            <param index="1">
              <value>
                <![CDATA["Inserting data into the database"]]>
              </value>
            </param>
          </params>
          <reporter-output>
          </reporter-output>
        </test-method> <!-- runScenario -->
        <test-method signature="runScenario(io.cucumber.testng.PickleWrapper,io.cucumber.testng.FeatureWrapper)[pri:0, instance:runner.TestRunner@2d901eb0]" started-at="2023-03-19T10:06:57 IST" name="runScenario" description="Runs Cucumber Scenarios" data-provider="scenarios" finished-at="2023-03-19T10:07:00 IST" duration-ms="3650" status="PASS">
          <params>
            <param index="0">
              <value>
                <![CDATA["Add a new User"]]>
              </value>
            </param>
            <param index="1">
              <value>
                <![CDATA["Inserting data into the database"]]>
              </value>
            </param>
          </params>
          <reporter-output>
          </reporter-output>
        </test-method> <!-- runScenario -->
        <test-method signature="runScenario(io.cucumber.testng.PickleWrapper,io.cucumber.testng.FeatureWrapper)[pri:0, instance:runner.TestRunner@2d901eb0]" started-at="2023-03-19T10:07:01 IST" name="runScenario" description="Runs Cucumber Scenarios" data-provider="scenarios" finished-at="2023-03-19T10:07:11 IST" duration-ms="10190" status="PASS">
          <params>
            <param index="0">
              <value>
                <![CDATA["Register as an User"]]>
              </value>
            </param>
            <param index="1">
              <value>
                <![CDATA["Login into medicare Application"]]>
              </value>
            </param>
          </params>
          <reporter-output>
          </reporter-output>
        </test-method> <!-- runScenario -->
        <test-method signature="runScenario(io.cucumber.testng.PickleWrapper,io.cucumber.testng.FeatureWrapper)[pri:0, instance:runner.TestRunner@2d901eb0]" started-at="2023-03-19T10:07:11 IST" name="runScenario" description="Runs Cucumber Scenarios" data-provider="scenarios" finished-at="2023-03-19T10:07:25 IST" duration-ms="14186" status="PASS">
          <params>
            <param index="0">
              <value>
                <![CDATA["Login into medicare as an User"]]>
              </value>
            </param>
            <param index="1">
              <value>
                <![CDATA["Login into medicare Application"]]>
              </value>
            </param>
          </params>
          <reporter-output>
          </reporter-output>
        </test-method> <!-- runScenario -->
        <test-method signature="runScenario(io.cucumber.testng.PickleWrapper,io.cucumber.testng.FeatureWrapper)[pri:0, instance:runner.TestRunner@2d901eb0]" started-at="2023-03-19T10:07:25 IST" name="runScenario" description="Runs Cucumber Scenarios" data-provider="scenarios" finished-at="2023-03-19T10:07:32 IST" duration-ms="6459" status="PASS">
          <params>
            <param index="0">
              <value>
                <![CDATA["Login into medicare as an User"]]>
              </value>
            </param>
            <param index="1">
              <value>
                <![CDATA["Login into medicare Application"]]>
              </value>
            </param>
          </params>
          <reporter-output>
          </reporter-output>
        </test-method> <!-- runScenario -->
        <test-method signature="runScenario(io.cucumber.testng.PickleWrapper,io.cucumber.testng.FeatureWrapper)[pri:0, instance:runner.TestRunner@2d901eb0]" started-at="2023-03-19T10:07:32 IST" name="runScenario" description="Runs Cucumber Scenarios" data-provider="scenarios" finished-at="2023-03-19T10:07:38 IST" duration-ms="6534" status="PASS">
          <params>
            <param index="0">
              <value>
                <![CDATA["Add Catgory to Application as an Admin"]]>
              </value>
            </param>
            <param index="1">
              <value>
                <![CDATA["Login into medicare Application"]]>
              </value>
            </param>
          </params>
          <reporter-output>
          </reporter-output>
        </test-method> <!-- runScenario -->
        <test-method is-config="true" signature="tearDownClass()[pri:0, instance:runner.TestRunner@2d901eb0]" started-at="2023-03-19T10:07:39 IST" name="tearDownClass" finished-at="2023-03-19T10:07:39 IST" duration-ms="94" status="PASS">
          <reporter-output>
          </reporter-output>
        </test-method> <!-- tearDownClass -->
      </class> <!-- runner.TestRunner -->
    </test> <!-- Smoke Test1 -->
  </suite> <!-- Smoke Suite -->
</testng-results>
