<?xml version="1.0" encoding="UTF-8"?>
<testng-results ignored="0" total="10" passed="10" failed="0" skipped="0">
  <reporter-output>
  </reporter-output>
  <suite started-at="2023-03-28T12:29:17 IST" name="Smoke Suite" finished-at="2023-03-28T12:31:21 IST" duration-ms="124006">
    <groups>
      <group name="cucumber">
        <method signature="AbstractTestNGCucumberTests.runScenario(io.cucumber.testng.PickleWrapper,io.cucumber.testng.FeatureWrapper)[pri:0, instance:runner.TestRunner@2d901eb0]" name="runScenario" class="io.cucumber.testng.AbstractTestNGCucumberTests"/>
      </group> <!-- cucumber -->
    </groups>
    <test started-at="2023-03-28T12:29:17 IST" name="Smoke Test1" finished-at="2023-03-28T12:31:21 IST" duration-ms="124006">
      <class name="runner.TestRunner">
        <test-method is-config="true" signature="setUpClass(org.testng.ITestContext)[pri:0, instance:runner.TestRunner@2d901eb0]" started-at="2023-03-28T12:29:17 IST" name="setUpClass" finished-at="2023-03-28T12:29:18 IST" duration-ms="1242" status="PASS">
          <params>
            <param index="0">
              <value>
                <![CDATA[org.testng.TestRunner@7d5a3b06]]>
              </value>
            </param>
          </params>
          <reporter-output>
          </reporter-output>
        </test-method> <!-- setUpClass -->
        <test-method signature="runScenario(io.cucumber.testng.PickleWrapper,io.cucumber.testng.FeatureWrapper)[pri:0, instance:runner.TestRunner@2d901eb0]" started-at="2023-03-28T12:29:18 IST" name="runScenario" description="Runs Cucumber Scenarios" data-provider="scenarios" finished-at="2023-03-28T12:29:30 IST" duration-ms="12516" status="PASS">
          <params>
            <param index="0">
              <value>
                <![CDATA["Retrieving a list of Products"]]>
              </value>
            </param>
            <param index="1">
              <value>
                <![CDATA["Get Products API"]]>
              </value>
            </param>
          </params>
          <reporter-output>
          </reporter-output>
        </test-method> <!-- runScenario -->
        <test-method signature="runScenario(io.cucumber.testng.PickleWrapper,io.cucumber.testng.FeatureWrapper)[pri:0, instance:runner.TestRunner@2d901eb0]" started-at="2023-03-28T12:29:31 IST" name="runScenario" description="Runs Cucumber Scenarios" data-provider="scenarios" finished-at="2023-03-28T12:29:32 IST" duration-ms="1095" status="PASS">
          <params>
            <param index="0">
              <value>
                <![CDATA["Retrieving single category Products"]]>
              </value>
            </param>
            <param index="1">
              <value>
                <![CDATA["Get Products API"]]>
              </value>
            </param>
          </params>
          <reporter-output>
          </reporter-output>
        </test-method> <!-- runScenario -->
        <test-method signature="runScenario(io.cucumber.testng.PickleWrapper,io.cucumber.testng.FeatureWrapper)[pri:0, instance:runner.TestRunner@2d901eb0]" started-at="2023-03-28T12:29:32 IST" name="runScenario" description="Runs Cucumber Scenarios" data-provider="scenarios" finished-at="2023-03-28T12:30:33 IST" duration-ms="61400" status="PASS">
          <params>
            <param index="0">
              <value>
                <![CDATA["Inserting a new Category"]]>
              </value>
            </param>
            <param index="1">
              <value>
                <![CDATA["Inserting data into the database"]]>
              </value>
            </param>
          </params>
          <reporter-output>
          </reporter-output>
        </test-method> <!-- runScenario -->
        <test-method signature="runScenario(io.cucumber.testng.PickleWrapper,io.cucumber.testng.FeatureWrapper)[pri:0, instance:runner.TestRunner@2d901eb0]" started-at="2023-03-28T12:30:34 IST" name="runScenario" description="Runs Cucumber Scenarios" data-provider="scenarios" finished-at="2023-03-28T12:30:34 IST" duration-ms="749" status="PASS">
          <params>
            <param index="0">
              <value>
                <![CDATA["Delete a new Category"]]>
              </value>
            </param>
            <param index="1">
              <value>
                <![CDATA["Inserting data into the database"]]>
              </value>
            </param>
          </params>
          <reporter-output>
          </reporter-output>
        </test-method> <!-- runScenario -->
        <test-method signature="runScenario(io.cucumber.testng.PickleWrapper,io.cucumber.testng.FeatureWrapper)[pri:0, instance:runner.TestRunner@2d901eb0]" started-at="2023-03-28T12:30:34 IST" name="runScenario" description="Runs Cucumber Scenarios" data-provider="scenarios" finished-at="2023-03-28T12:30:38 IST" duration-ms="3971" status="PASS">
          <params>
            <param index="0">
              <value>
                <![CDATA["Add a new User"]]>
              </value>
            </param>
            <param index="1">
              <value>
                <![CDATA["Inserting data into the database"]]>
              </value>
            </param>
          </params>
          <reporter-output>
          </reporter-output>
        </test-method> <!-- runScenario -->
        <test-method signature="runScenario(io.cucumber.testng.PickleWrapper,io.cucumber.testng.FeatureWrapper)[pri:0, instance:runner.TestRunner@2d901eb0]" started-at="2023-03-28T12:30:39 IST" name="runScenario" description="Runs Cucumber Scenarios" data-provider="scenarios" finished-at="2023-03-28T12:30:39 IST" duration-ms="747" status="PASS">
          <params>
            <param index="0">
              <value>
                <![CDATA["Get list of Category"]]>
              </value>
            </param>
            <param index="1">
              <value>
                <![CDATA["Inserting data into the database"]]>
              </value>
            </param>
          </params>
          <reporter-output>
          </reporter-output>
        </test-method> <!-- runScenario -->
        <test-method signature="runScenario(io.cucumber.testng.PickleWrapper,io.cucumber.testng.FeatureWrapper)[pri:0, instance:runner.TestRunner@2d901eb0]" started-at="2023-03-28T12:30:40 IST" name="runScenario" description="Runs Cucumber Scenarios" data-provider="scenarios" finished-at="2023-03-28T12:30:50 IST" duration-ms="10858" status="PASS">
          <params>
            <param index="0">
              <value>
                <![CDATA["Register as an User"]]>
              </value>
            </param>
            <param index="1">
              <value>
                <![CDATA["Login into medicare Application"]]>
              </value>
            </param>
          </params>
          <reporter-output>
          </reporter-output>
        </test-method> <!-- runScenario -->
        <test-method signature="runScenario(io.cucumber.testng.PickleWrapper,io.cucumber.testng.FeatureWrapper)[pri:0, instance:runner.TestRunner@2d901eb0]" started-at="2023-03-28T12:30:51 IST" name="runScenario" description="Runs Cucumber Scenarios" data-provider="scenarios" finished-at="2023-03-28T12:31:05 IST" duration-ms="14408" status="PASS">
          <params>
            <param index="0">
              <value>
                <![CDATA["Login into medicare as an User"]]>
              </value>
            </param>
            <param index="1">
              <value>
                <![CDATA["Login into medicare Application"]]>
              </value>
            </param>
          </params>
          <reporter-output>
          </reporter-output>
        </test-method> <!-- runScenario -->
        <test-method signature="runScenario(io.cucumber.testng.PickleWrapper,io.cucumber.testng.FeatureWrapper)[pri:0, instance:runner.TestRunner@2d901eb0]" started-at="2023-03-28T12:31:05 IST" name="runScenario" description="Runs Cucumber Scenarios" data-provider="scenarios" finished-at="2023-03-28T12:31:13 IST" duration-ms="7481" status="PASS">
          <params>
            <param index="0">
              <value>
                <![CDATA["Login into medicare as an User"]]>
              </value>
            </param>
            <param index="1">
              <value>
                <![CDATA["Login into medicare Application"]]>
              </value>
            </param>
          </params>
          <reporter-output>
          </reporter-output>
        </test-method> <!-- runScenario -->
        <test-method signature="runScenario(io.cucumber.testng.PickleWrapper,io.cucumber.testng.FeatureWrapper)[pri:0, instance:runner.TestRunner@2d901eb0]" started-at="2023-03-28T12:31:13 IST" name="runScenario" description="Runs Cucumber Scenarios" data-provider="scenarios" finished-at="2023-03-28T12:31:20 IST" duration-ms="7410" status="PASS">
          <params>
            <param index="0">
              <value>
                <![CDATA["Add Catgory to Application as an Admin"]]>
              </value>
            </param>
            <param index="1">
              <value>
                <![CDATA["Login into medicare Application"]]>
              </value>
            </param>
          </params>
          <reporter-output>
          </reporter-output>
        </test-method> <!-- runScenario -->
        <test-method is-config="true" signature="tearDownClass()[pri:0, instance:runner.TestRunner@2d901eb0]" started-at="2023-03-28T12:31:21 IST" name="tearDownClass" finished-at="2023-03-28T12:31:21 IST" duration-ms="97" status="PASS">
          <reporter-output>
          </reporter-output>
        </test-method> <!-- tearDownClass -->
      </class> <!-- runner.TestRunner -->
    </test> <!-- Smoke Test1 -->
  </suite> <!-- Smoke Suite -->
</testng-results>
