<?xml version="1.0" encoding="UTF-8"?>
<testsuite name="Smoke Test1"
           tests="10"
           failures="0"
           errors="0"
           skipped="0"
           time="129.982">
  <properties />
  
  
            <testcase name="runScenario" time="13.195" classname="runner.TestRunner" />
                <testcase name="runScenario" time="1.341" classname="runner.TestRunner" />
                <testcase name="runScenario" time="1.113" classname="runner.TestRunner" />
                <testcase name="runScenario" time="61.969" classname="runner.TestRunner" />
                <testcase name="runScenario" time="9.476" classname="runner.TestRunner" />
                <testcase name="runScenario" time="8.871" classname="runner.TestRunner" />
                <testcase name="runScenario" time="5.470" classname="runner.TestRunner" />
                <testcase name="runScenario" time="10.535" classname="runner.TestRunner" />
                <testcase name="runScenario" time="1.112" classname="runner.TestRunner" />
                <testcase name="runScenario" time="16.900" classname="runner.TestRunner" />
      
</testsuite>
